This is pdfTeX, Version 3.14159265-2.6-1.40.20 (TeX Live 2019/W32TeX) (preloaded format=pdflatex 2019.8.23)  23 NOV 2019 10:41
entering extended mode
 restricted \write18 enabled.
 %&-line parsing enabled.
**"Combined Tables 5 and 7.tex"
(./Combined Tables 5 and 7.tex
LaTeX2e <2018-12-01>
(c:/Users/maris/AppData/Roaming/TinyTeX/texmf-dist/tex/latex/base/article.cls
Document Class: article 2018/09/03 v1.4i Standard LaTeX document class
(c:/Users/maris/AppData/Roaming/TinyTeX/texmf-dist/tex/latex/base/size11.clo
File: size11.clo 2018/09/03 v1.4i Standard LaTeX file (size option)
)
\c@part=\count80
\c@section=\count81
\c@subsection=\count82
\c@subsubsection=\count83
\c@paragraph=\count84
\c@subparagraph=\count85
\c@figure=\count86
\c@table=\count87
\abovecaptionskip=\skip41
\belowcaptionskip=\skip42
\bibindent=\dimen102
)
(c:/Users/maris/AppData/Roaming/TinyTeX/texmf-dist/tex/latex/geometry/geometry.
sty
Package: geometry 2018/04/16 v5.8 Page Geometry

(c:/Users/maris/AppData/Roaming/TinyTeX/texmf-dist/tex/latex/graphics/keyval.st
y
Package: keyval 2014/10/28 v1.15 key=value parser (DPC)
\KV@toks@=\toks14
)
(c:/Users/maris/AppData/Roaming/TinyTeX/texmf-dist/tex/generic/oberdiek/ifpdf.s
ty
Package: ifpdf 2018/09/07 v3.3 Provides the ifpdf switch
)
(c:/Users/maris/AppData/Roaming/TinyTeX/texmf-dist/tex/generic/oberdiek/ifvtex.
sty
Package: ifvtex 2016/05/16 v1.6 Detect VTeX and its facilities (HO)
Package ifvtex Info: VTeX not detected.
)
(c:/Users/maris/AppData/Roaming/TinyTeX/texmf-dist/tex/generic/ifxetex/ifxetex.
sty
Package: ifxetex 2010/09/12 v0.6 Provides ifxetex conditional
)
\Gm@cnth=\count88
\Gm@cntv=\count89
\c@Gm@tempcnt=\count90
\Gm@bindingoffset=\dimen103
\Gm@wd@mp=\dimen104
\Gm@odd@mp=\dimen105
\Gm@even@mp=\dimen106
\Gm@layoutwidth=\dimen107
\Gm@layoutheight=\dimen108
\Gm@layouthoffset=\dimen109
\Gm@layoutvoffset=\dimen110
\Gm@dimlist=\toks15
) (./Combined Tables 5 and 7.aux)
\openout1 = `"Combined Tables 5 and 7.aux"'.

LaTeX Font Info:    Checking defaults for OML/cmm/m/it on input line 5.
LaTeX Font Info:    ... okay on input line 5.
LaTeX Font Info:    Checking defaults for T1/cmr/m/n on input line 5.
LaTeX Font Info:    ... okay on input line 5.
LaTeX Font Info:    Checking defaults for OT1/cmr/m/n on input line 5.
LaTeX Font Info:    ... okay on input line 5.
LaTeX Font Info:    Checking defaults for OMS/cmsy/m/n on input line 5.
LaTeX Font Info:    ... okay on input line 5.
LaTeX Font Info:    Checking defaults for OMX/cmex/m/n on input line 5.
LaTeX Font Info:    ... okay on input line 5.
LaTeX Font Info:    Checking defaults for U/cmr/m/n on input line 5.
LaTeX Font Info:    ... okay on input line 5.

*geometry* driver: auto-detecting
*geometry* detected driver: pdftex
*geometry* verbose mode - [ preamble ] result:
* driver: pdftex
* paper: a4paper
* layout: <same size as paper>
* layoutoffset:(h,v)=(0.0pt,0.0pt)
* modes: 
* h-part:(L,W,R)=(72.26999pt, 452.9679pt, 72.26999pt)
* v-part:(T,H,B)=(72.26999pt, 700.50687pt, 72.26999pt)
* \paperwidth=597.50787pt
* \paperheight=845.04684pt
* \textwidth=452.9679pt
* \textheight=700.50687pt
* \oddsidemargin=0.0pt
* \evensidemargin=0.0pt
* \topmargin=-37.0pt
* \headheight=12.0pt
* \headsep=25.0pt
* \topskip=11.0pt
* \footskip=30.0pt
* \marginparwidth=50.0pt
* \marginparsep=10.0pt
* \columnsep=10.0pt
* \skip\footins=10.0pt plus 4.0pt minus 2.0pt
* \hoffset=0.0pt
* \voffset=0.0pt
* \mag=1000
* \@twocolumnfalse
* \@twosidefalse
* \@mparswitchfalse
* \@reversemarginfalse
* (1in=72.27pt=25.4mm, 1cm=28.453pt)

LaTeX Font Info:    External font `cmex10' loaded for size
(Font)              <7> on input line 11.
LaTeX Font Info:    External font `cmex10' loaded for size
(Font)              <5> on input line 11.
LaTeX Font Info:    External font `cmex10' loaded for size
(Font)              <8> on input line 17.
LaTeX Font Info:    External font `cmex10' loaded for size
(Font)              <6> on input line 17.

Overfull \hbox (17.64497pt too wide) in alignment at lines 11--37
[] [] [] [] []
 []


Overfull \hbox (17.64497pt too wide) in alignment at lines 140--166
[] [] [] [] []
 []

LaTeX Font Info:    External font `cmex10' loaded for size
(Font)              <10.95> on input line 285.
[1{c:/Users/maris/AppData/Roaming/TinyTeX/texmf-var/fonts/map/pdftex/updmap/pdf
tex.map}] [2] [3] [4] [5] (./Combined Tables 5 and 7.aux) ) 
Here is how much of TeX's memory you used:
 751 strings out of 494553
 10736 string characters out of 6175971
 117490 words of memory out of 5000000
 4481 multiletter control sequences out of 15000+600000
 6379 words of font info for 23 fonts, out of 8000000 for 9000
 14 hyphenation exceptions out of 8191
 24i,10n,32p,261b,277s stack positions out of 5000i,500n,10000p,200000b,80000s
<c:/Users/maris/AppD
ata/Roaming/TinyTeX/texmf-dist/fonts/type1/public/amsfonts/cm/cmr10.pfb><c:/Use
rs/maris/AppData/Roaming/TinyTeX/texmf-dist/fonts/type1/public/amsfonts/cm/cmr8
.pfb><c:/Users/maris/AppData/Roaming/TinyTeX/texmf-dist/fonts/type1/public/amsf
onts/cm/cmsy6.pfb>
Output written on "Combined Tables 5 and 7.pdf" (5 pages, 43422 bytes).
PDF statistics:
 32 PDF objects out of 1000 (max. 8388607)
 21 compressed objects within 1 object stream
 0 named destinations out of 1000 (max. 500000)
 1 words of extra memory for PDF output out of 10000 (max. 10000000)

