This is pdfTeX, Version 3.14159265-2.6-1.40.20 (TeX Live 2019/W32TeX) (preloaded format=pdflatex 2019.8.23)  26 NOV 2019 19:44
entering extended mode
 restricted \write18 enabled.
 %&-line parsing enabled.
**MReuther_KruegerReplicationStudy_ECON582.tex
(./MReuther_KruegerReplicationStudy_ECON582.tex
LaTeX2e <2018-12-01>
(c:/Users/maris/AppData/Roaming/TinyTeX/texmf-dist/tex/latex/base/article.cls
Document Class: article 2018/09/03 v1.4i Standard LaTeX document class
(c:/Users/maris/AppData/Roaming/TinyTeX/texmf-dist/tex/latex/base/size11.clo
File: size11.clo 2018/09/03 v1.4i Standard LaTeX file (size option)
)
\c@part=\count80
\c@section=\count81
\c@subsection=\count82
\c@subsubsection=\count83
\c@paragraph=\count84
\c@subparagraph=\count85
\c@figure=\count86
\c@table=\count87
\abovecaptionskip=\skip41
\belowcaptionskip=\skip42
\bibindent=\dimen102
)
(c:/Users/maris/AppData/Roaming/TinyTeX/texmf-dist/tex/latex/geometry/geometry.
sty
Package: geometry 2018/04/16 v5.8 Page Geometry

(c:/Users/maris/AppData/Roaming/TinyTeX/texmf-dist/tex/latex/graphics/keyval.st
y
Package: keyval 2014/10/28 v1.15 key=value parser (DPC)
\KV@toks@=\toks14
)
(c:/Users/maris/AppData/Roaming/TinyTeX/texmf-dist/tex/generic/oberdiek/ifpdf.s
ty
Package: ifpdf 2018/09/07 v3.3 Provides the ifpdf switch
)
(c:/Users/maris/AppData/Roaming/TinyTeX/texmf-dist/tex/generic/oberdiek/ifvtex.
sty
Package: ifvtex 2016/05/16 v1.6 Detect VTeX and its facilities (HO)
Package ifvtex Info: VTeX not detected.
)
(c:/Users/maris/AppData/Roaming/TinyTeX/texmf-dist/tex/generic/ifxetex/ifxetex.
sty
Package: ifxetex 2010/09/12 v0.6 Provides ifxetex conditional
)
\Gm@cnth=\count88
\Gm@cntv=\count89
\c@Gm@tempcnt=\count90
\Gm@bindingoffset=\dimen103
\Gm@wd@mp=\dimen104
\Gm@odd@mp=\dimen105
\Gm@even@mp=\dimen106
\Gm@layoutwidth=\dimen107
\Gm@layoutheight=\dimen108
\Gm@layouthoffset=\dimen109
\Gm@layoutvoffset=\dimen110
\Gm@dimlist=\toks15
)
(c:/Users/maris/AppData/Roaming/TinyTeX/texmf-dist/tex/latex/graphics/graphicx.
sty
Package: graphicx 2017/06/01 v1.1a Enhanced LaTeX Graphics (DPC,SPQR)

(c:/Users/maris/AppData/Roaming/TinyTeX/texmf-dist/tex/latex/graphics/graphics.
sty
Package: graphics 2017/06/25 v1.2c Standard LaTeX Graphics (DPC,SPQR)

(c:/Users/maris/AppData/Roaming/TinyTeX/texmf-dist/tex/latex/graphics/trig.sty
Package: trig 2016/01/03 v1.10 sin cos tan (DPC)
)
(c:/Users/maris/AppData/Roaming/TinyTeX/texmf-dist/tex/latex/graphics-cfg/graph
ics.cfg
File: graphics.cfg 2016/06/04 v1.11 sample graphics configuration
)
Package graphics Info: Driver file: pdftex.def on input line 99.

(c:/Users/maris/AppData/Roaming/TinyTeX/texmf-dist/tex/latex/graphics-def/pdfte
x.def
File: pdftex.def 2018/01/08 v1.0l Graphics/color driver for pdftex
))
\Gin@req@height=\dimen111
\Gin@req@width=\dimen112
)
(c:/Users/maris/AppData/Roaming/TinyTeX/texmf-dist/tex/latex/caption/subcaption
.sty
Package: subcaption 2018/05/01 v1.1-162 Sub-captions (AR)

(c:/Users/maris/AppData/Roaming/TinyTeX/texmf-dist/tex/latex/caption/caption.st
y
Package: caption 2018/10/06 v3.3-154 Customizing captions (AR)

(c:/Users/maris/AppData/Roaming/TinyTeX/texmf-dist/tex/latex/caption/caption3.s
ty
Package: caption3 2018/09/12 v1.8c caption3 kernel (AR)
Package caption3 Info: TeX engine: e-TeX on input line 64.
\captionmargin=\dimen113
\captionmargin@=\dimen114
\captionwidth=\dimen115
\caption@tempdima=\dimen116
\caption@indent=\dimen117
\caption@parindent=\dimen118
\caption@hangindent=\dimen119
)
\c@caption@flags=\count91
\c@ContinuedFloat=\count92
)
\c@subfigure=\count93
\c@subtable=\count94
)
(c:/Users/maris/AppData/Roaming/TinyTeX/texmf-dist/tex/latex/amsmath/amsmath.st
y
Package: amsmath 2018/12/01 v2.17b AMS math features
\@mathmargin=\skip43

For additional information on amsmath, use the `?' option.

(c:/Users/maris/AppData/Roaming/TinyTeX/texmf-dist/tex/latex/amsmath/amstext.st
y
Package: amstext 2000/06/29 v2.01 AMS text

(c:/Users/maris/AppData/Roaming/TinyTeX/texmf-dist/tex/latex/amsmath/amsgen.sty
File: amsgen.sty 1999/11/30 v2.0 generic functions
\@emptytoks=\toks16
\ex@=\dimen120
))
(c:/Users/maris/AppData/Roaming/TinyTeX/texmf-dist/tex/latex/amsmath/amsbsy.sty
Package: amsbsy 1999/11/29 v1.2d Bold Symbols
\pmbraise@=\dimen121
)
(c:/Users/maris/AppData/Roaming/TinyTeX/texmf-dist/tex/latex/amsmath/amsopn.sty
Package: amsopn 2016/03/08 v2.02 operator names
)
\inf@bad=\count95
LaTeX Info: Redefining \frac on input line 223.
\uproot@=\count96
\leftroot@=\count97
LaTeX Info: Redefining \overline on input line 385.
\classnum@=\count98
\DOTSCASE@=\count99
LaTeX Info: Redefining \ldots on input line 482.
LaTeX Info: Redefining \dots on input line 485.
LaTeX Info: Redefining \cdots on input line 606.
\Mathstrutbox@=\box27
\strutbox@=\box28
\big@size=\dimen122
LaTeX Font Info:    Redeclaring font encoding OML on input line 729.
LaTeX Font Info:    Redeclaring font encoding OMS on input line 730.
\macc@depth=\count100
\c@MaxMatrixCols=\count101
\dotsspace@=\muskip10
\c@parentequation=\count102
\dspbrk@lvl=\count103
\tag@help=\toks17
\row@=\count104
\column@=\count105
\maxfields@=\count106
\andhelp@=\toks18
\eqnshift@=\dimen123
\alignsep@=\dimen124
\tagshift@=\dimen125
\tagwidth@=\dimen126
\totwidth@=\dimen127
\lineht@=\dimen128
\@envbody=\toks19
\multlinegap=\skip44
\multlinetaggap=\skip45
\mathdisplay@stack=\toks20
LaTeX Info: Redefining \[ on input line 2844.
LaTeX Info: Redefining \] on input line 2845.
) (c:/Users/maris/AppData/Roaming/TinyTeX/texmf-dist/tex/latex/float/float.sty
Package: float 2001/11/08 v1.3d Float enhancements (AL)
\c@float@type=\count107
\float@exts=\toks21
\float@box=\box29
\@float@everytoks=\toks22
\@floatcapt=\box30
)
(c:/Users/maris/AppData/Roaming/TinyTeX/texmf-dist/tex/latex/tools/indentfirst.
sty
Package: indentfirst 1995/11/23 v1.03 Indent first paragraph (DPC)
)
(c:/Users/maris/AppData/Roaming/TinyTeX/texmf-dist/tex/latex/tools/array.sty
Package: array 2018/12/30 v2.4k Tabular extension package (FMi)
\col@sep=\dimen129
\ar@mcellbox=\box31
\extrarowheight=\dimen130
\NC@list=\toks23
\extratabsurround=\skip46
\backup@length=\skip47
\ar@cellbox=\box32
)
(./MReuther_KruegerReplicationStudy_ECON582.aux)
\openout1 = `MReuther_KruegerReplicationStudy_ECON582.aux'.

LaTeX Font Info:    Checking defaults for OML/cmm/m/it on input line 11.
LaTeX Font Info:    ... okay on input line 11.
LaTeX Font Info:    Checking defaults for T1/cmr/m/n on input line 11.
LaTeX Font Info:    ... okay on input line 11.
LaTeX Font Info:    Checking defaults for OT1/cmr/m/n on input line 11.
LaTeX Font Info:    ... okay on input line 11.
LaTeX Font Info:    Checking defaults for OMS/cmsy/m/n on input line 11.
LaTeX Font Info:    ... okay on input line 11.
LaTeX Font Info:    Checking defaults for OMX/cmex/m/n on input line 11.
LaTeX Font Info:    ... okay on input line 11.
LaTeX Font Info:    Checking defaults for U/cmr/m/n on input line 11.
LaTeX Font Info:    ... okay on input line 11.

*geometry* driver: auto-detecting
*geometry* detected driver: pdftex
*geometry* verbose mode - [ preamble ] result:
* driver: pdftex
* paper: a4paper
* layout: <same size as paper>
* layoutoffset:(h,v)=(0.0pt,0.0pt)
* modes: 
* h-part:(L,W,R)=(72.26999pt, 452.9679pt, 72.26999pt)
* v-part:(T,H,B)=(72.26999pt, 700.50687pt, 72.26999pt)
* \paperwidth=597.50787pt
* \paperheight=845.04684pt
* \textwidth=452.9679pt
* \textheight=700.50687pt
* \oddsidemargin=0.0pt
* \evensidemargin=0.0pt
* \topmargin=-37.0pt
* \headheight=12.0pt
* \headsep=25.0pt
* \topskip=11.0pt
* \footskip=30.0pt
* \marginparwidth=50.0pt
* \marginparsep=10.0pt
* \columnsep=10.0pt
* \skip\footins=10.0pt plus 4.0pt minus 2.0pt
* \hoffset=0.0pt
* \voffset=0.0pt
* \mag=1000
* \@twocolumnfalse
* \@twosidefalse
* \@mparswitchfalse
* \@reversemarginfalse
* (1in=72.27pt=25.4mm, 1cm=28.453pt)


(c:/Users/maris/AppData/Roaming/TinyTeX/texmf-dist/tex/latex/oberdiek/epstopdf-
base.sty
Package: epstopdf-base 2016/05/15 v2.6 Base part for package epstopdf

(c:/Users/maris/AppData/Roaming/TinyTeX/texmf-dist/tex/generic/oberdiek/infware
rr.sty
Package: infwarerr 2016/05/16 v1.4 Providing info/warning/error messages (HO)
)
(c:/Users/maris/AppData/Roaming/TinyTeX/texmf-dist/tex/latex/oberdiek/grfext.st
y
Package: grfext 2016/05/16 v1.2 Manage graphics extensions (HO)

(c:/Users/maris/AppData/Roaming/TinyTeX/texmf-dist/tex/generic/oberdiek/kvdefin
ekeys.sty
Package: kvdefinekeys 2016/05/16 v1.4 Define keys (HO)

(c:/Users/maris/AppData/Roaming/TinyTeX/texmf-dist/tex/generic/oberdiek/ltxcmds
.sty
Package: ltxcmds 2016/05/16 v1.23 LaTeX kernel commands for general use (HO)
)))
(c:/Users/maris/AppData/Roaming/TinyTeX/texmf-dist/tex/latex/oberdiek/kvoptions
.sty
Package: kvoptions 2016/05/16 v3.12 Key value format for package options (HO)

(c:/Users/maris/AppData/Roaming/TinyTeX/texmf-dist/tex/generic/oberdiek/kvsetke
ys.sty
Package: kvsetkeys 2016/05/16 v1.17 Key value parser (HO)

(c:/Users/maris/AppData/Roaming/TinyTeX/texmf-dist/tex/generic/oberdiek/etexcmd
s.sty
Package: etexcmds 2016/05/16 v1.6 Avoid name clashes with e-TeX commands (HO)

(c:/Users/maris/AppData/Roaming/TinyTeX/texmf-dist/tex/generic/oberdiek/ifluate
x.sty
Package: ifluatex 2016/05/16 v1.4 Provides the ifluatex switch (HO)
Package ifluatex Info: LuaTeX not detected.
))))
(c:/Users/maris/AppData/Roaming/TinyTeX/texmf-dist/tex/generic/oberdiek/pdftexc
mds.sty
Package: pdftexcmds 2019/07/25 v0.30 Utility functions of pdfTeX for LuaTeX (HO
)
Package pdftexcmds Info: LuaTeX not detected.
Package pdftexcmds Info: \pdf@primitive is available.
Package pdftexcmds Info: \pdf@ifprimitive is available.
Package pdftexcmds Info: \pdfdraftmode found.
)
Package epstopdf-base Info: Redefining graphics rule for `.eps' on input line 4
38.
Package grfext Info: Graphics extension search list:
(grfext)             [.pdf,.png,.jpg,.mps,.jpeg,.jbig2,.jb2,.PDF,.PNG,.JPG,.JPE
G,.JBIG2,.JB2,.eps]
(grfext)             \AppendGraphicsExtensions on input line 456.

(c:/Users/maris/AppData/Roaming/TinyTeX/texmf-dist/tex/latex/latexconfig/epstop
df-sys.cfg
File: epstopdf-sys.cfg 2010/07/13 v1.3 Configuration of (r)epstopdf for TeX Liv
e
))
Package caption Info: Begin \AtBeginDocument code.
Package caption Info: float package is loaded.
Package caption Info: End \AtBeginDocument code.
 [1

{c:/Users/maris/AppData/Roaming/TinyTeX/texmf-var/fonts/map/pdftex/updmap/pdfte
x.map}]
Underfull \hbox (badness 10000) in paragraph at lines 35--36

 []


Underfull \hbox (badness 10000) in paragraph at lines 44--45

 []


Overfull \hbox (14.78088pt too wide) in paragraph at lines 61--85
 [] 
 []

[2] [3]
Overfull \hbox (8.06458pt too wide) in paragraph at lines 120--120
 []|\OT1/cmr/m/n/10.95 Regular/Aide| 
 []

<figure1_0.png, id=23, 695.59875pt x 505.89pt>
File: figure1_0.png Graphic file (type png)
<use figure1_0.png>
Package pdftex.def Info: figure1_0.png  used on input line 152.
(pdftex.def)             Requested size: 226.48395pt x 164.71335pt.
<figure1_1.png, id=24, 695.59875pt x 505.89pt>
File: figure1_1.png Graphic file (type png)
<use figure1_1.png>
Package pdftex.def Info: figure1_1.png  used on input line 155.
(pdftex.def)             Requested size: 226.48395pt x 164.71335pt.

Overfull \hbox (2.43333pt too wide) in paragraph at lines 151--157
[]$[]$ $[]$ 
 []

<figure1_2.png, id=25, 695.59875pt x 505.89pt>
File: figure1_2.png Graphic file (type png)
<use figure1_2.png>
Package pdftex.def Info: figure1_2.png  used on input line 160.
(pdftex.def)             Requested size: 226.48395pt x 164.71335pt.
<figure1_3.png, id=26, 695.59875pt x 505.89pt>
File: figure1_3.png Graphic file (type png)
<use figure1_3.png>
Package pdftex.def Info: figure1_3.png  used on input line 163.
(pdftex.def)             Requested size: 226.48395pt x 164.71335pt.

Overfull \hbox (2.43333pt too wide) in paragraph at lines 159--165
[]$[]$ $[]$ 
 []

[4] [5 <./figure1_0.png (PNG copy)> <./figure1_1.png (PNG copy)> <./figure1_2.p
ng (PNG copy)> <./figure1_3.png (PNG copy)>]
Underfull \hbox (badness 10000) in paragraph at lines 197--198

 []


Underfull \hbox (badness 10000) in paragraph at lines 197--198

 []

[6] [7] [8]
Underfull \hbox (badness 10000) in paragraph at lines 334--335

 []

[9]
Underfull \hbox (badness 10000) in paragraph at lines 358--359

 []


Underfull \hbox (badness 10000) in paragraph at lines 358--359

 []

[10] (./MReuther_KruegerReplicationStudy_ECON582.aux) ) 
Here is how much of TeX's memory you used:
 3541 strings out of 494553
 55390 string characters out of 6175971
 154453 words of memory out of 5000000
 7165 multiletter control sequences out of 15000+600000
 11159 words of font info for 40 fonts, out of 8000000 for 9000
 14 hyphenation exceptions out of 8191
 42i,11n,40p,1037b,359s stack positions out of 5000i,500n,10000p,200000b,80000s
<c:/Users/maris/AppData/
Roaming/TinyTeX/texmf-dist/fonts/type1/public/amsfonts/cm/cmbx10.pfb><c:/Users/
maris/AppData/Roaming/TinyTeX/texmf-dist/fonts/type1/public/amsfonts/cm/cmbx12.
pfb><c:/Users/maris/AppData/Roaming/TinyTeX/texmf-dist/fonts/type1/public/amsfo
nts/cm/cmmi10.pfb><c:/Users/maris/AppData/Roaming/TinyTeX/texmf-dist/fonts/type
1/public/amsfonts/cm/cmmi8.pfb><c:/Users/maris/AppData/Roaming/TinyTeX/texmf-di
st/fonts/type1/public/amsfonts/cm/cmr10.pfb><c:/Users/maris/AppData/Roaming/Tin
yTeX/texmf-dist/fonts/type1/public/amsfonts/cm/cmr12.pfb><c:/Users/maris/AppDat
a/Roaming/TinyTeX/texmf-dist/fonts/type1/public/amsfonts/cm/cmr17.pfb><c:/Users
/maris/AppData/Roaming/TinyTeX/texmf-dist/fonts/type1/public/amsfonts/cm/cmr6.p
fb><c:/Users/maris/AppData/Roaming/TinyTeX/texmf-dist/fonts/type1/public/amsfon
ts/cm/cmr8.pfb><c:/Users/maris/AppData/Roaming/TinyTeX/texmf-dist/fonts/type1/p
ublic/amsfonts/cm/cmr9.pfb><c:/Users/maris/AppData/Roaming/TinyTeX/texmf-dist/f
onts/type1/public/amsfonts/cm/cmsy6.pfb><c:/Users/maris/AppData/Roaming/TinyTeX
/texmf-dist/fonts/type1/public/amsfonts/cm/cmti10.pfb><c:/Users/maris/AppData/R
oaming/TinyTeX/texmf-dist/fonts/type1/public/amsfonts/cm/cmti9.pfb>
Output written on MReuther_KruegerReplicationStudy_ECON582.pdf (10 pages, 32421
4 bytes).
PDF statistics:
 93 PDF objects out of 1000 (max. 8388607)
 63 compressed objects within 1 object stream
 0 named destinations out of 1000 (max. 500000)
 21 words of extra memory for PDF output out of 10000 (max. 10000000)

